[32m2025-02-09 11:31:11 +0100[0m - dagster - [34mDEBUG[0m - __ASSET_JOB - 2ffae9b3-9fdb-4dc5-aa4b-fb83ed0339f9 - 72342 - LOGS_CAPTURED - Started capturing logs in process (pid: 72342).
[32m2025-02-09 11:31:11 +0100[0m - dagster - [34mDEBUG[0m - __ASSET_JOB - 2ffae9b3-9fdb-4dc5-aa4b-fb83ed0339f9 - 72342 - incremental_dbt_models - STEP_START - Started execution of step "incremental_dbt_models".
[32m2025-02-09 11:31:11 +0100[0m - dagster - [34mINFO[0m - __ASSET_JOB - 2ffae9b3-9fdb-4dc5-aa4b-fb83ed0339f9 - incremental_dbt_models - A dbt subsetted execution is not being performed. Using the default dbt selection arguments `['--select', 'config.materialized:incremental']`.
INFO:dagster.builtin:__ASSET_JOB - 2ffae9b3-9fdb-4dc5-aa4b-fb83ed0339f9 - incremental_dbt_models - A dbt subsetted execution is not being performed. Using the default dbt selection arguments `['--select', 'config.materialized:incremental']`.
[32m2025-02-09 11:31:11 +0100[0m - dagster - [34mINFO[0m - __ASSET_JOB - 2ffae9b3-9fdb-4dc5-aa4b-fb83ed0339f9 - incremental_dbt_models - Copying `/Users/alejandrogonzalezbueno/Projects/dagster-and-dbt/analytics/target/partial_parse.msgpack` to `/Users/alejandrogonzalezbueno/Projects/dagster-and-dbt/analytics/target/incremental_dbt_models-2ffae9b-d7f1ba6/partial_parse.msgpack` to take advantage of partial parsing.
INFO:dagster.builtin:__ASSET_JOB - 2ffae9b3-9fdb-4dc5-aa4b-fb83ed0339f9 - incremental_dbt_models - Copying `/Users/alejandrogonzalezbueno/Projects/dagster-and-dbt/analytics/target/partial_parse.msgpack` to `/Users/alejandrogonzalezbueno/Projects/dagster-and-dbt/analytics/target/incremental_dbt_models-2ffae9b-d7f1ba6/partial_parse.msgpack` to take advantage of partial parsing.
[32m2025-02-09 11:31:11 +0100[0m - dagster - [34mINFO[0m - __ASSET_JOB - 2ffae9b3-9fdb-4dc5-aa4b-fb83ed0339f9 - incremental_dbt_models - Running dbt command: `dbt build --vars {"min_date": "2023-01-01", "max_date": "2023-04-01"} --select config.materialized:incremental`.
INFO:dagster.builtin:__ASSET_JOB - 2ffae9b3-9fdb-4dc5-aa4b-fb83ed0339f9 - incremental_dbt_models - Running dbt command: `dbt build --vars {"min_date": "2023-01-01", "max_date": "2023-04-01"} --select config.materialized:incremental`.
[32m2025-02-09 11:31:13 +0100[0m - dagster - [34mDEBUG[0m - __ASSET_JOB - 2ffae9b3-9fdb-4dc5-aa4b-fb83ed0339f9 - 72342 - incremental_dbt_models - STEP_OUTPUT - Yielded output "daily_metrics" of type "Nothing". (Type check passed).
[32m2025-02-09 11:31:13 +0100[0m - dagster - [34mDEBUG[0m - __ASSET_JOB - 2ffae9b3-9fdb-4dc5-aa4b-fb83ed0339f9 - 72342 - incremental_dbt_models - ASSET_MATERIALIZATION - Materialized value daily_metrics.
[32m2025-02-09 11:31:13 +0100[0m - dagster - [34mDEBUG[0m - __ASSET_JOB - 2ffae9b3-9fdb-4dc5-aa4b-fb83ed0339f9 - 72342 - incremental_dbt_models - ASSET_MATERIALIZATION - Materialized value daily_metrics.
[32m2025-02-09 11:31:13 +0100[0m - dagster - [34mDEBUG[0m - __ASSET_JOB - 2ffae9b3-9fdb-4dc5-aa4b-fb83ed0339f9 - 72342 - incremental_dbt_models - ASSET_MATERIALIZATION - Materialized value daily_metrics.
[32m2025-02-09 11:31:13 +0100[0m - dagster - [34mDEBUG[0m - __ASSET_JOB - 2ffae9b3-9fdb-4dc5-aa4b-fb83ed0339f9 - 72342 - incremental_dbt_models - ASSET_MATERIALIZATION - Materialized value daily_metrics.
[32m2025-02-09 11:31:13 +0100[0m - dagster - [34mDEBUG[0m - __ASSET_JOB - 2ffae9b3-9fdb-4dc5-aa4b-fb83ed0339f9 - 72342 - incremental_dbt_models - ASSET_MATERIALIZATION - Materialized value daily_metrics.
[32m2025-02-09 11:31:13 +0100[0m - dagster - [34mDEBUG[0m - __ASSET_JOB - 2ffae9b3-9fdb-4dc5-aa4b-fb83ed0339f9 - 72342 - incremental_dbt_models - ASSET_MATERIALIZATION - Materialized value daily_metrics.
[32m2025-02-09 11:31:13 +0100[0m - dagster - [34mDEBUG[0m - __ASSET_JOB - 2ffae9b3-9fdb-4dc5-aa4b-fb83ed0339f9 - 72342 - incremental_dbt_models - ASSET_MATERIALIZATION - Materialized value daily_metrics.
[32m2025-02-09 11:31:13 +0100[0m - dagster - [34mDEBUG[0m - __ASSET_JOB - 2ffae9b3-9fdb-4dc5-aa4b-fb83ed0339f9 - 72342 - incremental_dbt_models - ASSET_MATERIALIZATION - Materialized value daily_metrics.
[32m2025-02-09 11:31:13 +0100[0m - dagster - [34mDEBUG[0m - __ASSET_JOB - 2ffae9b3-9fdb-4dc5-aa4b-fb83ed0339f9 - 72342 - incremental_dbt_models - ASSET_MATERIALIZATION - Materialized value daily_metrics.
[32m2025-02-09 11:31:13 +0100[0m - dagster - [34mDEBUG[0m - __ASSET_JOB - 2ffae9b3-9fdb-4dc5-aa4b-fb83ed0339f9 - 72342 - incremental_dbt_models - ASSET_MATERIALIZATION - Materialized value daily_metrics.
[32m2025-02-09 11:31:13 +0100[0m - dagster - [34mDEBUG[0m - __ASSET_JOB - 2ffae9b3-9fdb-4dc5-aa4b-fb83ed0339f9 - 72342 - incremental_dbt_models - ASSET_MATERIALIZATION - Materialized value daily_metrics.
[32m2025-02-09 11:31:13 +0100[0m - dagster - [34mDEBUG[0m - __ASSET_JOB - 2ffae9b3-9fdb-4dc5-aa4b-fb83ed0339f9 - 72342 - incremental_dbt_models - ASSET_MATERIALIZATION - Materialized value daily_metrics.
[32m2025-02-09 11:31:13 +0100[0m - dagster - [34mDEBUG[0m - __ASSET_JOB - 2ffae9b3-9fdb-4dc5-aa4b-fb83ed0339f9 - 72342 - incremental_dbt_models - ASSET_MATERIALIZATION - Materialized value daily_metrics.
[32m2025-02-09 11:31:13 +0100[0m - dagster - [34mDEBUG[0m - __ASSET_JOB - 2ffae9b3-9fdb-4dc5-aa4b-fb83ed0339f9 - 72342 - incremental_dbt_models - ASSET_MATERIALIZATION - Materialized value daily_metrics.
[32m2025-02-09 11:31:13 +0100[0m - dagster - [34mDEBUG[0m - __ASSET_JOB - 2ffae9b3-9fdb-4dc5-aa4b-fb83ed0339f9 - 72342 - incremental_dbt_models - ASSET_MATERIALIZATION - Materialized value daily_metrics.
[32m2025-02-09 11:31:13 +0100[0m - dagster - [34mDEBUG[0m - __ASSET_JOB - 2ffae9b3-9fdb-4dc5-aa4b-fb83ed0339f9 - 72342 - incremental_dbt_models - ASSET_MATERIALIZATION - Materialized value daily_metrics.
[32m2025-02-09 11:31:13 +0100[0m - dagster - [34mDEBUG[0m - __ASSET_JOB - 2ffae9b3-9fdb-4dc5-aa4b-fb83ed0339f9 - 72342 - incremental_dbt_models - ASSET_MATERIALIZATION - Materialized value daily_metrics.
[32m2025-02-09 11:31:13 +0100[0m - dagster - [34mDEBUG[0m - __ASSET_JOB - 2ffae9b3-9fdb-4dc5-aa4b-fb83ed0339f9 - 72342 - incremental_dbt_models - ASSET_MATERIALIZATION - Materialized value daily_metrics.
[32m2025-02-09 11:31:13 +0100[0m - dagster - [34mDEBUG[0m - __ASSET_JOB - 2ffae9b3-9fdb-4dc5-aa4b-fb83ed0339f9 - 72342 - incremental_dbt_models - ASSET_MATERIALIZATION - Materialized value daily_metrics.
[32m2025-02-09 11:31:13 +0100[0m - dagster - [34mDEBUG[0m - __ASSET_JOB - 2ffae9b3-9fdb-4dc5-aa4b-fb83ed0339f9 - 72342 - incremental_dbt_models - ASSET_MATERIALIZATION - Materialized value daily_metrics.
[32m2025-02-09 11:31:13 +0100[0m - dagster - [34mDEBUG[0m - __ASSET_JOB - 2ffae9b3-9fdb-4dc5-aa4b-fb83ed0339f9 - 72342 - incremental_dbt_models - ASSET_MATERIALIZATION - Materialized value daily_metrics.
[32m2025-02-09 11:31:13 +0100[0m - dagster - [34mDEBUG[0m - __ASSET_JOB - 2ffae9b3-9fdb-4dc5-aa4b-fb83ed0339f9 - 72342 - incremental_dbt_models - ASSET_MATERIALIZATION - Materialized value daily_metrics.
[32m2025-02-09 11:31:13 +0100[0m - dagster - [34mDEBUG[0m - __ASSET_JOB - 2ffae9b3-9fdb-4dc5-aa4b-fb83ed0339f9 - 72342 - incremental_dbt_models - ASSET_MATERIALIZATION - Materialized value daily_metrics.
[32m2025-02-09 11:31:13 +0100[0m - dagster - [34mDEBUG[0m - __ASSET_JOB - 2ffae9b3-9fdb-4dc5-aa4b-fb83ed0339f9 - 72342 - incremental_dbt_models - ASSET_MATERIALIZATION - Materialized value daily_metrics.
[32m2025-02-09 11:31:13 +0100[0m - dagster - [34mDEBUG[0m - __ASSET_JOB - 2ffae9b3-9fdb-4dc5-aa4b-fb83ed0339f9 - 72342 - incremental_dbt_models - ASSET_MATERIALIZATION - Materialized value daily_metrics.
[32m2025-02-09 11:31:13 +0100[0m - dagster - [34mDEBUG[0m - __ASSET_JOB - 2ffae9b3-9fdb-4dc5-aa4b-fb83ed0339f9 - 72342 - incremental_dbt_models - ASSET_MATERIALIZATION - Materialized value daily_metrics.
[32m2025-02-09 11:31:13 +0100[0m - dagster - [34mDEBUG[0m - __ASSET_JOB - 2ffae9b3-9fdb-4dc5-aa4b-fb83ed0339f9 - 72342 - incremental_dbt_models - ASSET_MATERIALIZATION - Materialized value daily_metrics.
[32m2025-02-09 11:31:13 +0100[0m - dagster - [34mDEBUG[0m - __ASSET_JOB - 2ffae9b3-9fdb-4dc5-aa4b-fb83ed0339f9 - 72342 - incremental_dbt_models - ASSET_MATERIALIZATION - Materialized value daily_metrics.
[32m2025-02-09 11:31:13 +0100[0m - dagster - [34mDEBUG[0m - __ASSET_JOB - 2ffae9b3-9fdb-4dc5-aa4b-fb83ed0339f9 - 72342 - incremental_dbt_models - ASSET_MATERIALIZATION - Materialized value daily_metrics.
[32m2025-02-09 11:31:13 +0100[0m - dagster - [34mDEBUG[0m - __ASSET_JOB - 2ffae9b3-9fdb-4dc5-aa4b-fb83ed0339f9 - 72342 - incremental_dbt_models - ASSET_MATERIALIZATION - Materialized value daily_metrics.
[32m2025-02-09 11:31:13 +0100[0m - dagster - [34mDEBUG[0m - __ASSET_JOB - 2ffae9b3-9fdb-4dc5-aa4b-fb83ed0339f9 - 72342 - incremental_dbt_models - ASSET_MATERIALIZATION - Materialized value daily_metrics.
[32m2025-02-09 11:31:13 +0100[0m - dagster - [34mDEBUG[0m - __ASSET_JOB - 2ffae9b3-9fdb-4dc5-aa4b-fb83ed0339f9 - 72342 - incremental_dbt_models - ASSET_MATERIALIZATION - Materialized value daily_metrics.
[32m2025-02-09 11:31:13 +0100[0m - dagster - [34mDEBUG[0m - __ASSET_JOB - 2ffae9b3-9fdb-4dc5-aa4b-fb83ed0339f9 - 72342 - incremental_dbt_models - ASSET_MATERIALIZATION - Materialized value daily_metrics.
[32m2025-02-09 11:31:13 +0100[0m - dagster - [34mDEBUG[0m - __ASSET_JOB - 2ffae9b3-9fdb-4dc5-aa4b-fb83ed0339f9 - 72342 - incremental_dbt_models - ASSET_MATERIALIZATION - Materialized value daily_metrics.
[32m2025-02-09 11:31:13 +0100[0m - dagster - [34mDEBUG[0m - __ASSET_JOB - 2ffae9b3-9fdb-4dc5-aa4b-fb83ed0339f9 - 72342 - incremental_dbt_models - ASSET_MATERIALIZATION - Materialized value daily_metrics.
[32m2025-02-09 11:31:13 +0100[0m - dagster - [34mDEBUG[0m - __ASSET_JOB - 2ffae9b3-9fdb-4dc5-aa4b-fb83ed0339f9 - 72342 - incremental_dbt_models - ASSET_MATERIALIZATION - Materialized value daily_metrics.
[32m2025-02-09 11:31:13 +0100[0m - dagster - [34mDEBUG[0m - __ASSET_JOB - 2ffae9b3-9fdb-4dc5-aa4b-fb83ed0339f9 - 72342 - incremental_dbt_models - ASSET_MATERIALIZATION - Materialized value daily_metrics.
[32m2025-02-09 11:31:13 +0100[0m - dagster - [34mDEBUG[0m - __ASSET_JOB - 2ffae9b3-9fdb-4dc5-aa4b-fb83ed0339f9 - 72342 - incremental_dbt_models - ASSET_MATERIALIZATION - Materialized value daily_metrics.
[32m2025-02-09 11:31:13 +0100[0m - dagster - [34mDEBUG[0m - __ASSET_JOB - 2ffae9b3-9fdb-4dc5-aa4b-fb83ed0339f9 - 72342 - incremental_dbt_models - ASSET_MATERIALIZATION - Materialized value daily_metrics.
[32m2025-02-09 11:31:13 +0100[0m - dagster - [34mDEBUG[0m - __ASSET_JOB - 2ffae9b3-9fdb-4dc5-aa4b-fb83ed0339f9 - 72342 - incremental_dbt_models - ASSET_MATERIALIZATION - Materialized value daily_metrics.
[32m2025-02-09 11:31:13 +0100[0m - dagster - [34mDEBUG[0m - __ASSET_JOB - 2ffae9b3-9fdb-4dc5-aa4b-fb83ed0339f9 - 72342 - incremental_dbt_models - ASSET_MATERIALIZATION - Materialized value daily_metrics.
[32m2025-02-09 11:31:13 +0100[0m - dagster - [34mDEBUG[0m - __ASSET_JOB - 2ffae9b3-9fdb-4dc5-aa4b-fb83ed0339f9 - 72342 - incremental_dbt_models - ASSET_MATERIALIZATION - Materialized value daily_metrics.
[32m2025-02-09 11:31:13 +0100[0m - dagster - [34mDEBUG[0m - __ASSET_JOB - 2ffae9b3-9fdb-4dc5-aa4b-fb83ed0339f9 - 72342 - incremental_dbt_models - ASSET_MATERIALIZATION - Materialized value daily_metrics.
[32m2025-02-09 11:31:13 +0100[0m - dagster - [34mDEBUG[0m - __ASSET_JOB - 2ffae9b3-9fdb-4dc5-aa4b-fb83ed0339f9 - 72342 - incremental_dbt_models - ASSET_MATERIALIZATION - Materialized value daily_metrics.
[32m2025-02-09 11:31:13 +0100[0m - dagster - [34mDEBUG[0m - __ASSET_JOB - 2ffae9b3-9fdb-4dc5-aa4b-fb83ed0339f9 - 72342 - incremental_dbt_models - ASSET_MATERIALIZATION - Materialized value daily_metrics.
[32m2025-02-09 11:31:13 +0100[0m - dagster - [34mDEBUG[0m - __ASSET_JOB - 2ffae9b3-9fdb-4dc5-aa4b-fb83ed0339f9 - 72342 - incremental_dbt_models - ASSET_MATERIALIZATION - Materialized value daily_metrics.
[32m2025-02-09 11:31:13 +0100[0m - dagster - [34mDEBUG[0m - __ASSET_JOB - 2ffae9b3-9fdb-4dc5-aa4b-fb83ed0339f9 - 72342 - incremental_dbt_models - ASSET_MATERIALIZATION - Materialized value daily_metrics.
[32m2025-02-09 11:31:13 +0100[0m - dagster - [34mDEBUG[0m - __ASSET_JOB - 2ffae9b3-9fdb-4dc5-aa4b-fb83ed0339f9 - 72342 - incremental_dbt_models - ASSET_MATERIALIZATION - Materialized value daily_metrics.
[32m2025-02-09 11:31:13 +0100[0m - dagster - [34mDEBUG[0m - __ASSET_JOB - 2ffae9b3-9fdb-4dc5-aa4b-fb83ed0339f9 - 72342 - incremental_dbt_models - ASSET_MATERIALIZATION - Materialized value daily_metrics.
[32m2025-02-09 11:31:14 +0100[0m - dagster - [34mDEBUG[0m - __ASSET_JOB - 2ffae9b3-9fdb-4dc5-aa4b-fb83ed0339f9 - 72342 - incremental_dbt_models - ASSET_MATERIALIZATION - Materialized value daily_metrics.
[32m2025-02-09 11:31:14 +0100[0m - dagster - [34mDEBUG[0m - __ASSET_JOB - 2ffae9b3-9fdb-4dc5-aa4b-fb83ed0339f9 - 72342 - incremental_dbt_models - ASSET_MATERIALIZATION - Materialized value daily_metrics.
[32m2025-02-09 11:31:14 +0100[0m - dagster - [34mDEBUG[0m - __ASSET_JOB - 2ffae9b3-9fdb-4dc5-aa4b-fb83ed0339f9 - 72342 - incremental_dbt_models - ASSET_MATERIALIZATION - Materialized value daily_metrics.
[32m2025-02-09 11:31:14 +0100[0m - dagster - [34mDEBUG[0m - __ASSET_JOB - 2ffae9b3-9fdb-4dc5-aa4b-fb83ed0339f9 - 72342 - incremental_dbt_models - ASSET_MATERIALIZATION - Materialized value daily_metrics.
[32m2025-02-09 11:31:14 +0100[0m - dagster - [34mDEBUG[0m - __ASSET_JOB - 2ffae9b3-9fdb-4dc5-aa4b-fb83ed0339f9 - 72342 - incremental_dbt_models - ASSET_MATERIALIZATION - Materialized value daily_metrics.
[32m2025-02-09 11:31:14 +0100[0m - dagster - [34mDEBUG[0m - __ASSET_JOB - 2ffae9b3-9fdb-4dc5-aa4b-fb83ed0339f9 - 72342 - incremental_dbt_models - ASSET_MATERIALIZATION - Materialized value daily_metrics.
[32m2025-02-09 11:31:14 +0100[0m - dagster - [34mDEBUG[0m - __ASSET_JOB - 2ffae9b3-9fdb-4dc5-aa4b-fb83ed0339f9 - 72342 - incremental_dbt_models - ASSET_MATERIALIZATION - Materialized value daily_metrics.
[32m2025-02-09 11:31:14 +0100[0m - dagster - [34mDEBUG[0m - __ASSET_JOB - 2ffae9b3-9fdb-4dc5-aa4b-fb83ed0339f9 - 72342 - incremental_dbt_models - ASSET_MATERIALIZATION - Materialized value daily_metrics.
[32m2025-02-09 11:31:14 +0100[0m - dagster - [34mDEBUG[0m - __ASSET_JOB - 2ffae9b3-9fdb-4dc5-aa4b-fb83ed0339f9 - 72342 - incremental_dbt_models - ASSET_MATERIALIZATION - Materialized value daily_metrics.
[32m2025-02-09 11:31:14 +0100[0m - dagster - [34mDEBUG[0m - __ASSET_JOB - 2ffae9b3-9fdb-4dc5-aa4b-fb83ed0339f9 - 72342 - incremental_dbt_models - ASSET_MATERIALIZATION - Materialized value daily_metrics.
[32m2025-02-09 11:31:14 +0100[0m - dagster - [34mDEBUG[0m - __ASSET_JOB - 2ffae9b3-9fdb-4dc5-aa4b-fb83ed0339f9 - 72342 - incremental_dbt_models - ASSET_MATERIALIZATION - Materialized value daily_metrics.
[32m2025-02-09 11:31:14 +0100[0m - dagster - [34mDEBUG[0m - __ASSET_JOB - 2ffae9b3-9fdb-4dc5-aa4b-fb83ed0339f9 - 72342 - incremental_dbt_models - ASSET_MATERIALIZATION - Materialized value daily_metrics.
[32m2025-02-09 11:31:14 +0100[0m - dagster - [34mDEBUG[0m - __ASSET_JOB - 2ffae9b3-9fdb-4dc5-aa4b-fb83ed0339f9 - 72342 - incremental_dbt_models - ASSET_MATERIALIZATION - Materialized value daily_metrics.
[32m2025-02-09 11:31:14 +0100[0m - dagster - [34mDEBUG[0m - __ASSET_JOB - 2ffae9b3-9fdb-4dc5-aa4b-fb83ed0339f9 - 72342 - incremental_dbt_models - ASSET_MATERIALIZATION - Materialized value daily_metrics.
[32m2025-02-09 11:31:14 +0100[0m - dagster - [34mDEBUG[0m - __ASSET_JOB - 2ffae9b3-9fdb-4dc5-aa4b-fb83ed0339f9 - 72342 - incremental_dbt_models - ASSET_MATERIALIZATION - Materialized value daily_metrics.
[32m2025-02-09 11:31:14 +0100[0m - dagster - [34mDEBUG[0m - __ASSET_JOB - 2ffae9b3-9fdb-4dc5-aa4b-fb83ed0339f9 - 72342 - incremental_dbt_models - ASSET_MATERIALIZATION - Materialized value daily_metrics.
[32m2025-02-09 11:31:14 +0100[0m - dagster - [34mDEBUG[0m - __ASSET_JOB - 2ffae9b3-9fdb-4dc5-aa4b-fb83ed0339f9 - 72342 - incremental_dbt_models - ASSET_MATERIALIZATION - Materialized value daily_metrics.
[32m2025-02-09 11:31:14 +0100[0m - dagster - [34mDEBUG[0m - __ASSET_JOB - 2ffae9b3-9fdb-4dc5-aa4b-fb83ed0339f9 - 72342 - incremental_dbt_models - ASSET_MATERIALIZATION - Materialized value daily_metrics.
[32m2025-02-09 11:31:14 +0100[0m - dagster - [34mDEBUG[0m - __ASSET_JOB - 2ffae9b3-9fdb-4dc5-aa4b-fb83ed0339f9 - 72342 - incremental_dbt_models - ASSET_MATERIALIZATION - Materialized value daily_metrics.
[32m2025-02-09 11:31:14 +0100[0m - dagster - [34mDEBUG[0m - __ASSET_JOB - 2ffae9b3-9fdb-4dc5-aa4b-fb83ed0339f9 - 72342 - incremental_dbt_models - ASSET_MATERIALIZATION - Materialized value daily_metrics.
[32m2025-02-09 11:31:14 +0100[0m - dagster - [34mDEBUG[0m - __ASSET_JOB - 2ffae9b3-9fdb-4dc5-aa4b-fb83ed0339f9 - 72342 - incremental_dbt_models - ASSET_MATERIALIZATION - Materialized value daily_metrics.
[32m2025-02-09 11:31:14 +0100[0m - dagster - [34mDEBUG[0m - __ASSET_JOB - 2ffae9b3-9fdb-4dc5-aa4b-fb83ed0339f9 - 72342 - incremental_dbt_models - ASSET_MATERIALIZATION - Materialized value daily_metrics.
[32m2025-02-09 11:31:14 +0100[0m - dagster - [34mDEBUG[0m - __ASSET_JOB - 2ffae9b3-9fdb-4dc5-aa4b-fb83ed0339f9 - 72342 - incremental_dbt_models - ASSET_MATERIALIZATION - Materialized value daily_metrics.
[32m2025-02-09 11:31:14 +0100[0m - dagster - [34mDEBUG[0m - __ASSET_JOB - 2ffae9b3-9fdb-4dc5-aa4b-fb83ed0339f9 - 72342 - incremental_dbt_models - ASSET_MATERIALIZATION - Materialized value daily_metrics.
[32m2025-02-09 11:31:14 +0100[0m - dagster - [34mDEBUG[0m - __ASSET_JOB - 2ffae9b3-9fdb-4dc5-aa4b-fb83ed0339f9 - 72342 - incremental_dbt_models - ASSET_MATERIALIZATION - Materialized value daily_metrics.
[32m2025-02-09 11:31:14 +0100[0m - dagster - [34mDEBUG[0m - __ASSET_JOB - 2ffae9b3-9fdb-4dc5-aa4b-fb83ed0339f9 - 72342 - incremental_dbt_models - ASSET_MATERIALIZATION - Materialized value daily_metrics.
[32m2025-02-09 11:31:14 +0100[0m - dagster - [34mDEBUG[0m - __ASSET_JOB - 2ffae9b3-9fdb-4dc5-aa4b-fb83ed0339f9 - 72342 - incremental_dbt_models - ASSET_MATERIALIZATION - Materialized value daily_metrics.
[32m2025-02-09 11:31:14 +0100[0m - dagster - [34mDEBUG[0m - __ASSET_JOB - 2ffae9b3-9fdb-4dc5-aa4b-fb83ed0339f9 - 72342 - incremental_dbt_models - ASSET_MATERIALIZATION - Materialized value daily_metrics.
[32m2025-02-09 11:31:14 +0100[0m - dagster - [34mDEBUG[0m - __ASSET_JOB - 2ffae9b3-9fdb-4dc5-aa4b-fb83ed0339f9 - 72342 - incremental_dbt_models - ASSET_MATERIALIZATION - Materialized value daily_metrics.
[32m2025-02-09 11:31:14 +0100[0m - dagster - [34mDEBUG[0m - __ASSET_JOB - 2ffae9b3-9fdb-4dc5-aa4b-fb83ed0339f9 - 72342 - incremental_dbt_models - ASSET_MATERIALIZATION - Materialized value daily_metrics.
[32m2025-02-09 11:31:14 +0100[0m - dagster - [34mDEBUG[0m - __ASSET_JOB - 2ffae9b3-9fdb-4dc5-aa4b-fb83ed0339f9 - 72342 - incremental_dbt_models - ASSET_MATERIALIZATION - Materialized value daily_metrics.
[32m2025-02-09 11:31:14 +0100[0m - dagster - [34mDEBUG[0m - __ASSET_JOB - 2ffae9b3-9fdb-4dc5-aa4b-fb83ed0339f9 - 72342 - incremental_dbt_models - ASSET_MATERIALIZATION - Materialized value daily_metrics.
[32m2025-02-09 11:31:14 +0100[0m - dagster - [34mDEBUG[0m - __ASSET_JOB - 2ffae9b3-9fdb-4dc5-aa4b-fb83ed0339f9 - 72342 - incremental_dbt_models - ASSET_MATERIALIZATION - Materialized value daily_metrics.
[32m2025-02-09 11:31:14 +0100[0m - dagster - [34mDEBUG[0m - __ASSET_JOB - 2ffae9b3-9fdb-4dc5-aa4b-fb83ed0339f9 - 72342 - incremental_dbt_models - ASSET_MATERIALIZATION - Materialized value daily_metrics.
[32m2025-02-09 11:31:14 +0100[0m - dagster - [34mDEBUG[0m - __ASSET_JOB - 2ffae9b3-9fdb-4dc5-aa4b-fb83ed0339f9 - 72342 - incremental_dbt_models - ASSET_MATERIALIZATION - Materialized value daily_metrics.
[32m2025-02-09 11:31:14 +0100[0m - dagster - [34mDEBUG[0m - __ASSET_JOB - 2ffae9b3-9fdb-4dc5-aa4b-fb83ed0339f9 - 72342 - incremental_dbt_models - ASSET_MATERIALIZATION - Materialized value daily_metrics.
[32m2025-02-09 11:31:14 +0100[0m - dagster - [34mDEBUG[0m - __ASSET_JOB - 2ffae9b3-9fdb-4dc5-aa4b-fb83ed0339f9 - 72342 - incremental_dbt_models - ASSET_MATERIALIZATION - Materialized value daily_metrics.
[32m2025-02-09 11:31:14 +0100[0m - dagster - [34mDEBUG[0m - __ASSET_JOB - 2ffae9b3-9fdb-4dc5-aa4b-fb83ed0339f9 - 72342 - incremental_dbt_models - ASSET_MATERIALIZATION - Materialized value daily_metrics.
[32m2025-02-09 11:31:14 +0100[0m - dagster - [34mDEBUG[0m - __ASSET_JOB - 2ffae9b3-9fdb-4dc5-aa4b-fb83ed0339f9 - 72342 - incremental_dbt_models - ASSET_MATERIALIZATION - Materialized value daily_metrics.
[32m2025-02-09 11:31:14 +0100[0m - dagster - [34mDEBUG[0m - __ASSET_JOB - 2ffae9b3-9fdb-4dc5-aa4b-fb83ed0339f9 - 72342 - incremental_dbt_models - ASSET_MATERIALIZATION - Materialized value daily_metrics.
[32m2025-02-09 11:31:14 +0100[0m - dagster - [34mDEBUG[0m - __ASSET_JOB - 2ffae9b3-9fdb-4dc5-aa4b-fb83ed0339f9 - 72342 - incremental_dbt_models - ASSET_MATERIALIZATION - Materialized value daily_metrics.
[32m2025-02-09 11:31:14 +0100[0m - dagster - [34mINFO[0m - __ASSET_JOB - 2ffae9b3-9fdb-4dc5-aa4b-fb83ed0339f9 - incremental_dbt_models - Finished dbt command: `dbt build --vars {"min_date": "2023-01-01", "max_date": "2023-04-01"} --select config.materialized:incremental`.
INFO:dagster.builtin:__ASSET_JOB - 2ffae9b3-9fdb-4dc5-aa4b-fb83ed0339f9 - incremental_dbt_models - Finished dbt command: `dbt build --vars {"min_date": "2023-01-01", "max_date": "2023-04-01"} --select config.materialized:incremental`.
[32m2025-02-09 11:31:14 +0100[0m - dagster - [34mDEBUG[0m - __ASSET_JOB - 2ffae9b3-9fdb-4dc5-aa4b-fb83ed0339f9 - 72342 - incremental_dbt_models - STEP_SUCCESS - Finished execution of step "incremental_dbt_models" in 2.85s.
