[32m2025-02-08 11:22:07 +0100[0m - dagster - [34mDEBUG[0m - __ASSET_JOB - 52404355-9d55-4dcc-a2ec-2565a5729410 - 71712 - LOGS_CAPTURED - Started capturing logs in process (pid: 71712).
[32m2025-02-08 11:22:07 +0100[0m - dagster - [34mDEBUG[0m - __ASSET_JOB - 52404355-9d55-4dcc-a2ec-2565a5729410 - 71712 - dbt_analytics - STEP_START - Started execution of step "dbt_analytics".
[32m2025-02-08 11:22:07 +0100[0m - dagster - [34mINFO[0m - __ASSET_JOB - 52404355-9d55-4dcc-a2ec-2565a5729410 - dbt_analytics - A dbt subsetted execution is being performed. Overriding default dbt selection arguments `['--select', 'fqn:*']` with arguments: `['analytics.staging.stg_zones']`.
INFO:dagster.builtin:__ASSET_JOB - 52404355-9d55-4dcc-a2ec-2565a5729410 - dbt_analytics - A dbt subsetted execution is being performed. Overriding default dbt selection arguments `['--select', 'fqn:*']` with arguments: `['analytics.staging.stg_zones']`.
[32m2025-02-08 11:22:07 +0100[0m - dagster - [34mINFO[0m - __ASSET_JOB - 52404355-9d55-4dcc-a2ec-2565a5729410 - dbt_analytics - Copying `/Users/alejandrogonzalezbueno/Projects/dagster-and-dbt/analytics/target/partial_parse.msgpack` to `/Users/alejandrogonzalezbueno/Projects/dagster-and-dbt/analytics/target/dbt_analytics-5240435-c045eba/partial_parse.msgpack` to take advantage of partial parsing.
INFO:dagster.builtin:__ASSET_JOB - 52404355-9d55-4dcc-a2ec-2565a5729410 - dbt_analytics - Copying `/Users/alejandrogonzalezbueno/Projects/dagster-and-dbt/analytics/target/partial_parse.msgpack` to `/Users/alejandrogonzalezbueno/Projects/dagster-and-dbt/analytics/target/dbt_analytics-5240435-c045eba/partial_parse.msgpack` to take advantage of partial parsing.
[32m2025-02-08 11:22:07 +0100[0m - dagster - [34mINFO[0m - __ASSET_JOB - 52404355-9d55-4dcc-a2ec-2565a5729410 - dbt_analytics - Running dbt command: `dbt build --select analytics.staging.stg_zones`.
INFO:dagster.builtin:__ASSET_JOB - 52404355-9d55-4dcc-a2ec-2565a5729410 - dbt_analytics - Running dbt command: `dbt build --select analytics.staging.stg_zones`.
[32m2025-02-08 11:22:09 +0100[0m - dagster - [34mINFO[0m - __ASSET_JOB - 52404355-9d55-4dcc-a2ec-2565a5729410 - dbt_analytics - Finished dbt command: `dbt build --select analytics.staging.stg_zones`.
INFO:dagster.builtin:__ASSET_JOB - 52404355-9d55-4dcc-a2ec-2565a5729410 - dbt_analytics - Finished dbt command: `dbt build --select analytics.staging.stg_zones`.
[32m2025-02-08 11:22:09 +0100[0m - dagster - [34mERROR[0m - [31m__ASSET_JOB - 52404355-9d55-4dcc-a2ec-2565a5729410 - 71712 - dbt_analytics - STEP_FAILURE - Execution of step "dbt_analytics" failed.

dagster_dbt.errors.DagsterDbtCliRuntimeError: The dbt CLI process with command

`dbt build --select analytics.staging.stg_zones`

failed with exit code `1`. Check the stdout in the Dagster compute logs for the full information about the error, or view the dbt debug log: /Users/alejandrogonzalezbueno/Projects/dagster-and-dbt/analytics/target/dbt_analytics-5240435-c045eba/dbt.log.

Errors parsed from dbt logs:

1 of 3 ERROR creating sql table model main.stg_zones ........................... [[31mERROR[0m in 0.03s]

  Runtime Error in model stg_zones (models/staging/stg_zones.sql)
  Binder Error: Referenced column "zone_population" not found in FROM clause!
  Candidate bindings: "zone", "zone_id", "borough"
  
  LINE 20:     zone_population
               ^

Stack Trace:
  File "/Users/alejandrogonzalezbueno/Projects/dagster-and-dbt/.venv/lib/python3.11/site-packages/dagster/_core/execution/plan/execute_plan.py", line 245, in dagster_event_sequence_for_step
    yield from check.generator(step_events)
  File "/Users/alejandrogonzalezbueno/Projects/dagster-and-dbt/.venv/lib/python3.11/site-packages/dagster/_core/execution/plan/execute_step.py", line 501, in core_dagster_event_sequence_for_step
    for user_event in _step_output_error_checked_user_event_sequence(
  File "/Users/alejandrogonzalezbueno/Projects/dagster-and-dbt/.venv/lib/python3.11/site-packages/dagster/_core/execution/plan/execute_step.py", line 184, in _step_output_error_checked_user_event_sequence
    for user_event in user_event_sequence:
  File "/Users/alejandrogonzalezbueno/Projects/dagster-and-dbt/.venv/lib/python3.11/site-packages/dagster/_core/execution/plan/execute_step.py", line 88, in _process_asset_results_to_events
    for user_event in user_event_sequence:
  File "/Users/alejandrogonzalezbueno/Projects/dagster-and-dbt/.venv/lib/python3.11/site-packages/dagster/_core/execution/plan/compute.py", line 190, in execute_core_compute
    for step_output in _yield_compute_results(step_context, inputs, compute_fn, compute_context):
  File "/Users/alejandrogonzalezbueno/Projects/dagster-and-dbt/.venv/lib/python3.11/site-packages/dagster/_core/execution/plan/compute.py", line 159, in _yield_compute_results
    for event in iterate_with_context(
  File "/Users/alejandrogonzalezbueno/Projects/dagster-and-dbt/.venv/lib/python3.11/site-packages/dagster/_utils/__init__.py", line 480, in iterate_with_context
    next_output = next(iterator)
                  ^^^^^^^^^^^^^^
  File "/Users/alejandrogonzalezbueno/Projects/dagster-and-dbt/dagster_university/assets/dbt.py", line 10, in dbt_analytics
    yield from dbt.cli(["build"], context=context).stream()
  File "/Users/alejandrogonzalezbueno/Projects/dagster-and-dbt/.venv/lib/python3.11/site-packages/dagster_dbt/core/dbt_event_iterator.py", line 203, in __next__
    return next(self._inner_iterator)
           ^^^^^^^^^^^^^^^^^^^^^^^^^^
  File "/Users/alejandrogonzalezbueno/Projects/dagster-and-dbt/.venv/lib/python3.11/site-packages/dagster_dbt/core/dbt_cli_invocation.py", line 275, in _stream_asset_events
    for event in self.stream_raw_events():
  File "/Users/alejandrogonzalezbueno/Projects/dagster-and-dbt/.venv/lib/python3.11/site-packages/dagster_dbt/core/dbt_cli_invocation.py", line 368, in stream_raw_events
    self._raise_on_error()
  File "/Users/alejandrogonzalezbueno/Projects/dagster-and-dbt/.venv/lib/python3.11/site-packages/dagster_dbt/core/dbt_cli_invocation.py", line 461, in _raise_on_error
    raise error
[0m
